[debug] [2021-07-12T10:12:16.663Z] ----------------------------------------------------------------------
[debug] [2021-07-12T10:12:16.665Z] Command:       C:\Program Files\nodejs\node.exe C:\Users\ASUS\AppData\Local\Yarn\Data\global\node_modules\firebase-tools\lib\bin\firebase.js init
[debug] [2021-07-12T10:12:16.666Z] CLI Version:   9.16.0
[debug] [2021-07-12T10:12:16.666Z] Platform:      win32
[debug] [2021-07-12T10:12:16.666Z] Node Version:  v14.17.3
[debug] [2021-07-12T10:12:16.667Z] Time:          Mon Jul 12 2021 17:12:16 GMT+0700 (Indochina Time)
[debug] [2021-07-12T10:12:16.667Z] ----------------------------------------------------------------------
[debug] 
[debug] [2021-07-12T10:12:16.676Z] > command requires scopes: ["email","openid","https://www.googleapis.com/auth/cloudplatformprojects.readonly","https://www.googleapis.com/auth/firebase","https://www.googleapis.com/auth/cloud-platform"]
[debug] [2021-07-12T10:12:16.676Z] > authorizing via signed-in user (yulianidewi281@gmail.com)
[info] 
     ######## #### ########  ######## ########     ###     ######  ########
     ##        ##  ##     ## ##       ##     ##  ##   ##  ##       ##
     ######    ##  ########  ######   ########  #########  ######  ######
     ##        ##  ##    ##  ##       ##     ## ##     ##       ## ##
     ##       #### ##     ## ######## ########  ##     ##  ######  ########

You're about to initialize a Firebase project in this directory:

  C:\Users\ASUS\Documents\Ruangguru\submission-form

[info] 
=== Project Setup
[info] 
[info] First, let's associate this project directory with a Firebase project.
[info] You can create multiple project aliases by running firebase use --add, 
[info] but for now we'll just set up a default project.
[info] 
[debug] [2021-07-12T10:12:34.406Z] >>> [apiv2][query] GET https://firebase.googleapis.com/v1beta1/projects pageSize=100
[debug] [2021-07-12T10:12:35.089Z] <<< [apiv2][status] GET https://firebase.googleapis.com/v1beta1/projects 200
[debug] [2021-07-12T10:12:35.089Z] <<< [apiv2][body] GET https://firebase.googleapis.com/v1beta1/projects [omitted]
[info] i  Using project test-ruangguru (test-ruangguru) 
[info] 
=== Hosting:github Setup
[info] 
[info] i  Detected a .git folder at C:\Users\ASUS\Documents\Ruangguru\submission-form 
[info] i  Authorizing with GitHub to upload your service account to a GitHub repository's secrets store. 
[info] 
[info] Visit this URL on this device to log in:
[info] https://github.com/login/oauth/authorize?client_id=89cf50f02ac6aaed3484&state=310215974&redirect_uri=http%3A%2F%2Flocalhost%3A9005&scope=read%3Auser%20repo%20public_repo
[info] 
[info] Waiting for authentication...
[debug] [2021-07-12T10:13:54.966Z] >>> HTTP REQUEST POST https://github.com/login/oauth/access_token  
 {"client_id":"89cf50f02ac6aaed3484","client_secret":"3330d14abc895d9a74d5f17cd7a00711fa2c5bf0","code":"c586734a6c13ca5b32a0","redirect_uri":"http://localhost:9005","state":"310215974"}
[debug] [2021-07-12T10:13:55.569Z] <<< HTTP RESPONSE 200 {"server":"GitHub.com","date":"Mon, 12 Jul 2021 10:13:56 GMT","content-type":"application/json; charset=utf-8","transfer-encoding":"chunked","vary":"X-PJAX, Accept-Encoding, Accept, X-Requested-With","permissions-policy":"interest-cohort=()","etag":"W/\"988bf40ca6871b09fd42923c06caecd8\"","cache-control":"max-age=0, private, must-revalidate","strict-transport-security":"max-age=31536000; includeSubdomains; preload","x-frame-options":"deny","x-content-type-options":"nosniff","x-xss-protection":"0","referrer-policy":"origin-when-cross-origin, strict-origin-when-cross-origin","expect-ct":"max-age=2592000, report-uri=\"https://api.github.com/_private/browser/errors\"","content-security-policy":"default-src 'none'; base-uri 'self'; block-all-mixed-content; connect-src 'self' uploads.github.com www.githubstatus.com collector.githubapp.com api.github.com github-cloud.s3.amazonaws.com github-production-repository-file-5c1aeb.s3.amazonaws.com github-production-upload-manifest-file-7fdce7.s3.amazonaws.com github-production-user-asset-6210df.s3.amazonaws.com cdn.optimizely.com logx.optimizely.com/v1/events translator.github.com wss://alive.github.com; font-src github.githubassets.com; form-action 'self' github.com gist.github.com; frame-ancestors 'none'; frame-src render.githubusercontent.com render-temp.githubusercontent.com viewscreen.githubusercontent.com; img-src 'self' data: github.githubassets.com identicons.github.com collector.githubapp.com github-cloud.s3.amazonaws.com secured-user-images.githubusercontent.com/ *.githubusercontent.com; manifest-src 'self'; media-src 'none'; script-src github.githubassets.com; style-src 'unsafe-inline' github.githubassets.com; worker-src github.com/socket-worker-3f088aa2.js gist.github.com/socket-worker-3f088aa2.js","x-github-request-id":"C3D9:3B34:1275866:148EA02:60EC15E3"}
[debug] [2021-07-12T10:13:55.610Z] >>> [apiv2][query] GET https://api.github.com/user [none]
[debug] [2021-07-12T10:13:56.221Z] <<< [apiv2][status] GET https://api.github.com/user 200
[debug] [2021-07-12T10:13:56.222Z] <<< [apiv2][body] GET https://api.github.com/user {"login":"fenz050896","id":30682172,"node_id":"MDQ6VXNlcjMwNjgyMTcy","avatar_url":"https://avatars.githubusercontent.com/u/30682172?v=4","gravatar_id":"","url":"https://api.github.com/users/fenz050896","html_url":"https://github.com/fenz050896","followers_url":"https://api.github.com/users/fenz050896/followers","following_url":"https://api.github.com/users/fenz050896/following{/other_user}","gists_url":"https://api.github.com/users/fenz050896/gists{/gist_id}","starred_url":"https://api.github.com/users/fenz050896/starred{/owner}{/repo}","subscriptions_url":"https://api.github.com/users/fenz050896/subscriptions","organizations_url":"https://api.github.com/users/fenz050896/orgs","repos_url":"https://api.github.com/users/fenz050896/repos","events_url":"https://api.github.com/users/fenz050896/events{/privacy}","received_events_url":"https://api.github.com/users/fenz050896/received_events","type":"User","site_admin":false,"name":"Ananda Fitra","company":null,"blog":"","location":null,"email":null,"hireable":null,"bio":null,"twitter_username":null,"public_repos":5,"public_gists":0,"followers":0,"following":2,"created_at":"2017-08-03T05:02:00Z","updated_at":"2021-07-12T10:13:48Z","private_gists":0,"total_private_repos":3,"owned_private_repos":3,"disk_usage":8579,"collaborators":1,"two_factor_authentication":true,"plan":{"name":"free","space":976562499,"collaborators":0,"private_repos":10000}}
[info] 
[info] +  Success! Logged into GitHub as fenz050896 
[info] 
[debug] [2021-07-12T10:14:23.697Z] >>> [apiv2][query] GET https://api.github.com/repos/repository/actions/secrets/public-key type=owner
[debug] [2021-07-12T10:14:24.259Z] <<< [apiv2][status] GET https://api.github.com/repos/repository/actions/secrets/public-key 404
[debug] [2021-07-12T10:14:24.259Z] <<< [apiv2][body] GET https://api.github.com/repos/repository/actions/secrets/public-key {"message":"Not Found","documentation_url":"https://docs.github.com/rest"}
[debug] [2021-07-12T10:14:36.459Z] >>> [apiv2][query] GET https://api.github.com/repos/repository/actions/secrets/public-key type=owner
[debug] [2021-07-12T10:14:36.989Z] <<< [apiv2][status] GET https://api.github.com/repos/repository/actions/secrets/public-key 404
[debug] [2021-07-12T10:14:36.989Z] <<< [apiv2][body] GET https://api.github.com/repos/repository/actions/secrets/public-key {"message":"Not Found","documentation_url":"https://docs.github.com/rest"}
[debug] [2021-07-12T10:14:39.482Z] >>> [apiv2][query] GET https://api.github.com/repos//actions/secrets/public-key type=owner
[debug] [2021-07-12T10:14:39.975Z] <<< [apiv2][status] GET https://api.github.com/repos//actions/secrets/public-key 404
[debug] [2021-07-12T10:14:39.975Z] <<< [apiv2][body] GET https://api.github.com/repos//actions/secrets/public-key {"message":"Not Found","documentation_url":"https://docs.github.com/rest"}
[debug] [2021-07-12T10:14:43.872Z] >>> [apiv2][query] GET https://api.github.com/repos//actions/secrets/public-key type=owner
[debug] [2021-07-12T10:14:46.532Z] >>> [apiv2][query] GET https://api.github.com/repos/user/actions/secrets/public-key type=owner
[debug] [2021-07-12T10:14:47.018Z] <<< [apiv2][status] GET https://api.github.com/repos/user/actions/secrets/public-key 404
[debug] [2021-07-12T10:14:47.018Z] <<< [apiv2][body] GET https://api.github.com/repos/user/actions/secrets/public-key {"message":"Not Found","documentation_url":"https://docs.github.com/rest"}
[debug] [2021-07-12T10:14:47.020Z] <<< [apiv2][status] GET https://api.github.com/repos//actions/secrets/public-key 404
[debug] [2021-07-12T10:14:47.020Z] <<< [apiv2][body] GET https://api.github.com/repos//actions/secrets/public-key {"message":"Not Found","documentation_url":"https://docs.github.com/rest"}
